<?xml version="1.0" encoding="UTF-8"?>
<testng-results skipped="0" failed="0" total="1" passed="1">
  <reporter-output>
  </reporter-output>
  <suite name="Suite" duration-ms="95555" started-at="2016-08-26T16:29:28Z" finished-at="2016-08-26T16:31:04Z">
    <groups>
    </groups>
    <test name="Test" duration-ms="95555" started-at="2016-08-26T16:29:28Z" finished-at="2016-08-26T16:31:04Z">
      <class name="com.demo.store.tests.TestNGDemoStore">
        <test-method status="PASS" signature="setup()[pri:0, instance:com.demo.store.tests.TestNGDemoStore@d2cc05a]" name="setup" is-config="true" duration-ms="26295" started-at="2016-08-26T21:59:28Z" finished-at="2016-08-26T21:59:55Z">
          <reporter-output>
          </reporter-output>
        </test-method> <!-- setup -->
        <test-method status="PASS" signature="goToCategories()[pri:0, instance:com.demo.store.tests.TestNGDemoStore@d2cc05a]" name="goToCategories" duration-ms="69201" started-at="2016-08-26T21:59:55Z" finished-at="2016-08-26T22:01:04Z">
          <reporter-output>
          </reporter-output>
        </test-method> <!-- goToCategories -->
      </class> <!-- com.demo.store.tests.TestNGDemoStore -->
    </test> <!-- Test -->
  </suite> <!-- Suite -->
</testng-results>
